2025-07-29 17:32:59,759 - ERROR - Login error: Message: no such element: Unable to locate element: {"method":"css selector","selector":"#identifier"}
  (Session info: chrome=138.0.7204.169); For documentation on this error, please visit: https://www.selenium.dev/documentation/webdriver/troubleshooting/errors#nosuchelementexception
Stacktrace:
	GetHandleVerifier [0x0x7ff70293e935+77845]
	GetHandleVerifier [0x0x7ff70293e990+77936]
	(No symbol) [0x0x7ff7026f9cda]
	(No symbol) [0x0x7ff7027506aa]
	(No symbol) [0x0x7ff70275095c]
	(No symbol) [0x0x7ff7027a3d07]
	(No symbol) [0x0x7ff70277890f]
	(No symbol) [0x0x7ff7027a0b07]
	(No symbol) [0x0x7ff7027786a3]
	(No symbol) [0x0x7ff702741791]
	(No symbol) [0x0x7ff702742523]
	GetHandleVerifier [0x0x7ff702c1684d+3059501]
	GetHandleVerifier [0x0x7ff702c10c0d+3035885]
	GetHandleVerifier [0x0x7ff702c30400+3164896]
	GetHandleVerifier [0x0x7ff702958c3e+185118]
	GetHandleVerifier [0x0x7ff70296054f+216111]
	GetHandleVerifier [0x0x7ff7029472e4+113092]
	GetHandleVerifier [0x0x7ff702947499+113529]
	GetHandleVerifier [0x0x7ff70292e298+10616]
	BaseThreadInitThunk [0x0x7ffce2b07374+20]
	RtlUserThreadStart [0x0x7ffce445cc91+33]

2025-07-29 17:33:19,218 - ERROR - Login error: Message: no such element: Unable to locate element: {"method":"css selector","selector":"#identifier"}
  (Session info: chrome=138.0.7204.169); For documentation on this error, please visit: https://www.selenium.dev/documentation/webdriver/troubleshooting/errors#nosuchelementexception
Stacktrace:
	GetHandleVerifier [0x0x7ff70293e935+77845]
	GetHandleVerifier [0x0x7ff70293e990+77936]
	(No symbol) [0x0x7ff7026f9cda]
	(No symbol) [0x0x7ff7027506aa]
	(No symbol) [0x0x7ff70275095c]
	(No symbol) [0x0x7ff7027a3d07]
	(No symbol) [0x0x7ff70277890f]
	(No symbol) [0x0x7ff7027a0b07]
	(No symbol) [0x0x7ff7027786a3]
	(No symbol) [0x0x7ff702741791]
	(No symbol) [0x0x7ff702742523]
	GetHandleVerifier [0x0x7ff702c1684d+3059501]
	GetHandleVerifier [0x0x7ff702c10c0d+3035885]
	GetHandleVerifier [0x0x7ff702c30400+3164896]
	GetHandleVerifier [0x0x7ff702958c3e+185118]
	GetHandleVerifier [0x0x7ff70296054f+216111]
	GetHandleVerifier [0x0x7ff7029472e4+113092]
	GetHandleVerifier [0x0x7ff702947499+113529]
	GetHandleVerifier [0x0x7ff70292e298+10616]
	BaseThreadInitThunk [0x0x7ffce2b07374+20]
	RtlUserThreadStart [0x0x7ffce445cc91+33]

2025-07-29 17:42:32,932 - INFO - Login successful.
2025-07-29 17:42:41,891 - ERROR - Detail scraping error for https://jobinja.ir/companies/sorin-sannat/jobs/AXwU/%D8%A7%D8%B3%D8%AA%D8%AE%D8%AF%D8%A7%D9%85-%DA%A9%D8%A7%D8%B1%D8%B4%D9%86%D8%A7%D8%B3-%D9%81%D8%B1%D9%88%D8%B4-%D8%AA%D9%84%D9%81%D9%86%DB%8C-%D8%AE%D8%A7%D9%86%D9%85-%D9%85%D8%B4%D9%87%D8%AF-%D8%AF%D8%B1-%D8%B3%D8%A7%D8%B9%D8%AF-%D8%B5%D9%86%D8%B9%D8%AA-%D8%B3%D9%88%D8%B1%DB%8C%D9%86?_ref=16&_t=342e3232332e3130362e313531: Message: no such element: Unable to locate element: {"method":"css selector","selector":"h1.c-jobView__title"}
  (Session info: chrome=138.0.7204.169); For documentation on this error, please visit: https://www.selenium.dev/documentation/webdriver/troubleshooting/errors#nosuchelementexception
Stacktrace:
	GetHandleVerifier [0x0x7ff70293e935+77845]
	GetHandleVerifier [0x0x7ff70293e990+77936]
	(No symbol) [0x0x7ff7026f9cda]
	(No symbol) [0x0x7ff7027506aa]
	(No symbol) [0x0x7ff70275095c]
	(No symbol) [0x0x7ff7027a3d07]
	(No symbol) [0x0x7ff70277890f]
	(No symbol) [0x0x7ff7027a0b07]
	(No symbol) [0x0x7ff7027786a3]
	(No symbol) [0x0x7ff702741791]
	(No symbol) [0x0x7ff702742523]
	GetHandleVerifier [0x0x7ff702c1684d+3059501]
	GetHandleVerifier [0x0x7ff702c10c0d+3035885]
	GetHandleVerifier [0x0x7ff702c30400+3164896]
	GetHandleVerifier [0x0x7ff702958c3e+185118]
	GetHandleVerifier [0x0x7ff70296054f+216111]
	GetHandleVerifier [0x0x7ff7029472e4+113092]
	GetHandleVerifier [0x0x7ff702947499+113529]
	GetHandleVerifier [0x0x7ff70292e298+10616]
	BaseThreadInitThunk [0x0x7ffce2b07374+20]
	RtlUserThreadStart [0x0x7ffce445cc91+33]

2025-07-29 17:42:44,069 - ERROR - Detail scraping error for https://jobinja.ir/companies/daraei-holding/jobs/tcRH/%D8%A7%D8%B3%D8%AA%D8%AE%D8%AF%D8%A7%D9%85-%D9%85%D8%AF%DB%8C%D8%B1-%D9%81%D8%B1%D9%88%D8%B4-%D8%A8%D8%A7%D8%A8%D9%84%D8%B3%D8%B1-%D8%AF%D8%B1-%D8%A2%DA%A9%D8%A7%D8%AF%D9%85%DB%8C-%D8%AF%D8%A7%D8%B1%D8%A7%DB%8C%DB%8C?_ref=16&_t=342e3232332e3130362e313531: Message: no such element: Unable to locate element: {"method":"css selector","selector":"h1.c-jobView__title"}
  (Session info: chrome=138.0.7204.169); For documentation on this error, please visit: https://www.selenium.dev/documentation/webdriver/troubleshooting/errors#nosuchelementexception
Stacktrace:
	GetHandleVerifier [0x0x7ff70293e935+77845]
	GetHandleVerifier [0x0x7ff70293e990+77936]
	(No symbol) [0x0x7ff7026f9cda]
	(No symbol) [0x0x7ff7027506aa]
	(No symbol) [0x0x7ff70275095c]
	(No symbol) [0x0x7ff7027a3d07]
	(No symbol) [0x0x7ff70277890f]
	(No symbol) [0x0x7ff7027a0b07]
	(No symbol) [0x0x7ff7027786a3]
	(No symbol) [0x0x7ff702741791]
	(No symbol) [0x0x7ff702742523]
	GetHandleVerifier [0x0x7ff702c1684d+3059501]
	GetHandleVerifier [0x0x7ff702c10c0d+3035885]
	GetHandleVerifier [0x0x7ff702c30400+3164896]
	GetHandleVerifier [0x0x7ff702958c3e+185118]
	GetHandleVerifier [0x0x7ff70296054f+216111]
	GetHandleVerifier [0x0x7ff7029472e4+113092]
	GetHandleVerifier [0x0x7ff702947499+113529]
	GetHandleVerifier [0x0x7ff70292e298+10616]
	BaseThreadInitThunk [0x0x7ffce2b07374+20]
	RtlUserThreadStart [0x0x7ffce445cc91+33]

2025-07-29 17:42:46,421 - ERROR - Detail scraping error for https://jobinja.ir/companies/novin-tech-4/jobs/tqP9/%D8%A7%D8%B3%D8%AA%D8%AE%D8%AF%D8%A7%D9%85-%DA%A9%D8%A7%D8%B1%D8%B4%D9%86%D8%A7%D8%B3-%D9%85%D8%A7%D8%B1%DA%A9%D8%AA%DB%8C%D9%86%DA%AF-%D8%B4%DB%8C%D8%B1%D8%A7%D8%B2-%D8%AF%D8%B1-%D9%86%D9%88%DB%8C%D9%86-%D8%AA%DA%A9-%D8%A2%D9%81%D8%A7%D9%82-%D8%A7%D8%B1%D8%AA%D8%A8%D8%A7%D8%B7-%D9%85%D8%A7%D9%86%D8%AF%DA%AF%D8%A7%D8%B1?_ref=16&_t=342e3232332e3130362e313531: Message: no such element: Unable to locate element: {"method":"css selector","selector":"h1.c-jobView__title"}
  (Session info: chrome=138.0.7204.169); For documentation on this error, please visit: https://www.selenium.dev/documentation/webdriver/troubleshooting/errors#nosuchelementexception
Stacktrace:
	GetHandleVerifier [0x0x7ff70293e935+77845]
	GetHandleVerifier [0x0x7ff70293e990+77936]
	(No symbol) [0x0x7ff7026f9cda]
	(No symbol) [0x0x7ff7027506aa]
	(No symbol) [0x0x7ff70275095c]
	(No symbol) [0x0x7ff7027a3d07]
	(No symbol) [0x0x7ff70277890f]
	(No symbol) [0x0x7ff7027a0b07]
	(No symbol) [0x0x7ff7027786a3]
	(No symbol) [0x0x7ff702741791]
	(No symbol) [0x0x7ff702742523]
	GetHandleVerifier [0x0x7ff702c1684d+3059501]
	GetHandleVerifier [0x0x7ff702c10c0d+3035885]
	GetHandleVerifier [0x0x7ff702c30400+3164896]
	GetHandleVerifier [0x0x7ff702958c3e+185118]
	GetHandleVerifier [0x0x7ff70296054f+216111]
	GetHandleVerifier [0x0x7ff7029472e4+113092]
	GetHandleVerifier [0x0x7ff702947499+113529]
	GetHandleVerifier [0x0x7ff70292e298+10616]
	BaseThreadInitThunk [0x0x7ffce2b07374+20]
	RtlUserThreadStart [0x0x7ffce445cc91+33]

2025-07-29 17:42:49,167 - ERROR - Detail scraping error for https://jobinja.ir/companies/melkchi-1/jobs/tqbG/%D8%A7%D8%B3%D8%AA%D8%AE%D8%AF%D8%A7%D9%85-%D9%85%D8%B4%D8%A7%D9%88%D8%B1-%D8%A7%D9%85%D9%84%D8%A7%DA%A9-%D8%AF%D8%B1-%D9%85%D9%84%DA%A9-%DA%86%DB%8C?_ref=16&_t=342e3232332e3130362e313531: Message: no such element: Unable to locate element: {"method":"css selector","selector":"h1.c-jobView__title"}
  (Session info: chrome=138.0.7204.169); For documentation on this error, please visit: https://www.selenium.dev/documentation/webdriver/troubleshooting/errors#nosuchelementexception
Stacktrace:
	GetHandleVerifier [0x0x7ff70293e935+77845]
	GetHandleVerifier [0x0x7ff70293e990+77936]
	(No symbol) [0x0x7ff7026f9cda]
	(No symbol) [0x0x7ff7027506aa]
	(No symbol) [0x0x7ff70275095c]
	(No symbol) [0x0x7ff7027a3d07]
	(No symbol) [0x0x7ff70277890f]
	(No symbol) [0x0x7ff7027a0b07]
	(No symbol) [0x0x7ff7027786a3]
	(No symbol) [0x0x7ff702741791]
	(No symbol) [0x0x7ff702742523]
	GetHandleVerifier [0x0x7ff702c1684d+3059501]
	GetHandleVerifier [0x0x7ff702c10c0d+3035885]
	GetHandleVerifier [0x0x7ff702c30400+3164896]
	GetHandleVerifier [0x0x7ff702958c3e+185118]
	GetHandleVerifier [0x0x7ff70296054f+216111]
	GetHandleVerifier [0x0x7ff7029472e4+113092]
	GetHandleVerifier [0x0x7ff702947499+113529]
	GetHandleVerifier [0x0x7ff70292e298+10616]
	BaseThreadInitThunk [0x0x7ffce2b07374+20]
	RtlUserThreadStart [0x0x7ffce445cc91+33]

2025-07-29 17:42:51,606 - ERROR - Detail scraping error for https://jobinja.ir/companies/karkoshteh-2/jobs/t24P/%D8%A7%D8%B3%D8%AA%D8%AE%D8%AF%D8%A7%D9%85-%D8%B3%D8%B1%D9%BE%D8%B1%D8%B3%D8%AA-%D9%81%D8%B1%D9%88%D8%B4-%D8%AF%D8%B1-%DA%A9%D8%A7%D8%B1%DA%A9%D8%B4%D8%AA%D9%87?_ref=16&_t=342e3232332e3130362e313531: Message: no such element: Unable to locate element: {"method":"css selector","selector":"h1.c-jobView__title"}
  (Session info: chrome=138.0.7204.169); For documentation on this error, please visit: https://www.selenium.dev/documentation/webdriver/troubleshooting/errors#nosuchelementexception
Stacktrace:
	GetHandleVerifier [0x0x7ff70293e935+77845]
	GetHandleVerifier [0x0x7ff70293e990+77936]
	(No symbol) [0x0x7ff7026f9cda]
	(No symbol) [0x0x7ff7027506aa]
	(No symbol) [0x0x7ff70275095c]
	(No symbol) [0x0x7ff7027a3d07]
	(No symbol) [0x0x7ff70277890f]
	(No symbol) [0x0x7ff7027a0b07]
	(No symbol) [0x0x7ff7027786a3]
	(No symbol) [0x0x7ff702741791]
	(No symbol) [0x0x7ff702742523]
	GetHandleVerifier [0x0x7ff702c1684d+3059501]
	GetHandleVerifier [0x0x7ff702c10c0d+3035885]
	GetHandleVerifier [0x0x7ff702c30400+3164896]
	GetHandleVerifier [0x0x7ff702958c3e+185118]
	GetHandleVerifier [0x0x7ff70296054f+216111]
	GetHandleVerifier [0x0x7ff7029472e4+113092]
	GetHandleVerifier [0x0x7ff702947499+113529]
	GetHandleVerifier [0x0x7ff70292e298+10616]
	BaseThreadInitThunk [0x0x7ffce2b07374+20]
	RtlUserThreadStart [0x0x7ffce445cc91+33]

2025-07-29 17:42:54,091 - ERROR - Detail scraping error for https://jobinja.ir/companies/hiva-15/jobs/tqu6/%D8%A7%D8%B3%D8%AA%D8%AE%D8%AF%D8%A7%D9%85-%D9%86%D9%85%D8%A7%DB%8C%D9%86%D8%AF%D9%87-%D8%B9%D9%84%D9%85%DB%8C-%D8%AE%D8%A7%D9%86%D9%85-%D9%85%D8%B4%D9%87%D8%AF-%D8%AF%D8%B1-%D9%87%DB%8C%D9%88%D8%A7-%D8%B7%D8%A8?_ref=16&_t=342e3232332e3130362e313531: Message: no such element: Unable to locate element: {"method":"css selector","selector":"h1.c-jobView__title"}
  (Session info: chrome=138.0.7204.169); For documentation on this error, please visit: https://www.selenium.dev/documentation/webdriver/troubleshooting/errors#nosuchelementexception
Stacktrace:
	GetHandleVerifier [0x0x7ff70293e935+77845]
	GetHandleVerifier [0x0x7ff70293e990+77936]
	(No symbol) [0x0x7ff7026f9cda]
	(No symbol) [0x0x7ff7027506aa]
	(No symbol) [0x0x7ff70275095c]
	(No symbol) [0x0x7ff7027a3d07]
	(No symbol) [0x0x7ff70277890f]
	(No symbol) [0x0x7ff7027a0b07]
	(No symbol) [0x0x7ff7027786a3]
	(No symbol) [0x0x7ff702741791]
	(No symbol) [0x0x7ff702742523]
	GetHandleVerifier [0x0x7ff702c1684d+3059501]
	GetHandleVerifier [0x0x7ff702c10c0d+3035885]
	GetHandleVerifier [0x0x7ff702c30400+3164896]
	GetHandleVerifier [0x0x7ff702958c3e+185118]
	GetHandleVerifier [0x0x7ff70296054f+216111]
	GetHandleVerifier [0x0x7ff7029472e4+113092]
	GetHandleVerifier [0x0x7ff702947499+113529]
	GetHandleVerifier [0x0x7ff70292e298+10616]
	BaseThreadInitThunk [0x0x7ffce2b07374+20]
	RtlUserThreadStart [0x0x7ffce445cc91+33]

2025-07-29 17:42:56,390 - ERROR - Detail scraping error for https://jobinja.ir/companies/mahdiyar-2/jobs/tq6y/%D8%A7%D8%B3%D8%AA%D8%AE%D8%AF%D8%A7%D9%85-%DA%A9%D8%A7%D8%B1%D8%B4%D9%86%D8%A7%D8%B3-%D9%81%D8%B1%D9%88%D8%B4-%D8%AA%D9%84%D9%81%D9%86%DB%8C-%D8%AE%D8%A7%D9%86%D9%85-%D8%AF%D8%B1-%D9%85%D9%87%D8%AF%DB%8C-%DB%8C%D8%A7%D8%B1?_ref=16&_t=342e3232332e3130362e313531: Message: no such element: Unable to locate element: {"method":"css selector","selector":"h1.c-jobView__title"}
  (Session info: chrome=138.0.7204.169); For documentation on this error, please visit: https://www.selenium.dev/documentation/webdriver/troubleshooting/errors#nosuchelementexception
Stacktrace:
	GetHandleVerifier [0x0x7ff70293e935+77845]
	GetHandleVerifier [0x0x7ff70293e990+77936]
	(No symbol) [0x0x7ff7026f9cda]
	(No symbol) [0x0x7ff7027506aa]
	(No symbol) [0x0x7ff70275095c]
	(No symbol) [0x0x7ff7027a3d07]
	(No symbol) [0x0x7ff70277890f]
	(No symbol) [0x0x7ff7027a0b07]
	(No symbol) [0x0x7ff7027786a3]
	(No symbol) [0x0x7ff702741791]
	(No symbol) [0x0x7ff702742523]
	GetHandleVerifier [0x0x7ff702c1684d+3059501]
	GetHandleVerifier [0x0x7ff702c10c0d+3035885]
	GetHandleVerifier [0x0x7ff702c30400+3164896]
	GetHandleVerifier [0x0x7ff702958c3e+185118]
	GetHandleVerifier [0x0x7ff70296054f+216111]
	GetHandleVerifier [0x0x7ff7029472e4+113092]
	GetHandleVerifier [0x0x7ff702947499+113529]
	GetHandleVerifier [0x0x7ff70292e298+10616]
	BaseThreadInitThunk [0x0x7ffce2b07374+20]
	RtlUserThreadStart [0x0x7ffce445cc91+33]

2025-07-29 17:42:58,667 - ERROR - Detail scraping error for https://jobinja.ir/companies/braun-store/jobs/t2Ol/%D8%A7%D8%B3%D8%AA%D8%AE%D8%AF%D8%A7%D9%85-%D9%81%D8%B1%D9%88%D8%B4%D9%86%D8%AF%D9%87-%D8%AD%D8%B6%D9%88%D8%B1%DB%8C-%D8%AE%D8%A7%D9%86%D9%85-%D8%AF%D8%B1-%D9%81%D8%B1%D9%88%D8%B4%DA%AF%D8%A7%D9%87-%D8%A8%D8%B1%D8%A7%D9%88%D9%86-%D9%85%D9%88%D8%B3%D9%88%DB%8C?_ref=16&_t=342e3232332e3130362e313531: Message: no such element: Unable to locate element: {"method":"css selector","selector":"h1.c-jobView__title"}
  (Session info: chrome=138.0.7204.169); For documentation on this error, please visit: https://www.selenium.dev/documentation/webdriver/troubleshooting/errors#nosuchelementexception
Stacktrace:
	GetHandleVerifier [0x0x7ff70293e935+77845]
	GetHandleVerifier [0x0x7ff70293e990+77936]
	(No symbol) [0x0x7ff7026f9cda]
	(No symbol) [0x0x7ff7027506aa]
	(No symbol) [0x0x7ff70275095c]
	(No symbol) [0x0x7ff7027a3d07]
	(No symbol) [0x0x7ff70277890f]
	(No symbol) [0x0x7ff7027a0b07]
	(No symbol) [0x0x7ff7027786a3]
	(No symbol) [0x0x7ff702741791]
	(No symbol) [0x0x7ff702742523]
	GetHandleVerifier [0x0x7ff702c1684d+3059501]
	GetHandleVerifier [0x0x7ff702c10c0d+3035885]
	GetHandleVerifier [0x0x7ff702c30400+3164896]
	GetHandleVerifier [0x0x7ff702958c3e+185118]
	GetHandleVerifier [0x0x7ff70296054f+216111]
	GetHandleVerifier [0x0x7ff7029472e4+113092]
	GetHandleVerifier [0x0x7ff702947499+113529]
	GetHandleVerifier [0x0x7ff70292e298+10616]
	BaseThreadInitThunk [0x0x7ffce2b07374+20]
	RtlUserThreadStart [0x0x7ffce445cc91+33]

2025-07-29 17:43:01,086 - ERROR - Detail scraping error for https://jobinja.ir/companies/raya-gostar-pharmed/jobs/tSDb/%D8%A7%D8%B3%D8%AA%D8%AE%D8%AF%D8%A7%D9%85-%DA%A9%D8%A7%D8%B1%D8%B4%D9%86%D8%A7%D8%B3-%D8%A8%D8%A7%D8%B2%D8%A7%D8%B1%DB%8C%D8%A7%D8%A8%DB%8C-%D9%88-%D9%81%D8%B1%D9%88%D8%B4-%D8%AE%D8%A7%D9%86%D9%85-%D8%AF%D8%B1-%D8%B1%D8%A7%DB%8C%D8%A7-%DA%AF%D8%B3%D8%AA%D8%B1-%D9%81%D8%A7%D8%B1%D9%85%D8%AF?_ref=16&_t=342e3232332e3130362e313531: Message: no such element: Unable to locate element: {"method":"css selector","selector":"h1.c-jobView__title"}
  (Session info: chrome=138.0.7204.169); For documentation on this error, please visit: https://www.selenium.dev/documentation/webdriver/troubleshooting/errors#nosuchelementexception
Stacktrace:
	GetHandleVerifier [0x0x7ff70293e935+77845]
	GetHandleVerifier [0x0x7ff70293e990+77936]
	(No symbol) [0x0x7ff7026f9cda]
	(No symbol) [0x0x7ff7027506aa]
	(No symbol) [0x0x7ff70275095c]
	(No symbol) [0x0x7ff7027a3d07]
	(No symbol) [0x0x7ff70277890f]
	(No symbol) [0x0x7ff7027a0b07]
	(No symbol) [0x0x7ff7027786a3]
	(No symbol) [0x0x7ff702741791]
	(No symbol) [0x0x7ff702742523]
	GetHandleVerifier [0x0x7ff702c1684d+3059501]
	GetHandleVerifier [0x0x7ff702c10c0d+3035885]
	GetHandleVerifier [0x0x7ff702c30400+3164896]
	GetHandleVerifier [0x0x7ff702958c3e+185118]
	GetHandleVerifier [0x0x7ff70296054f+216111]
	GetHandleVerifier [0x0x7ff7029472e4+113092]
	GetHandleVerifier [0x0x7ff702947499+113529]
	GetHandleVerifier [0x0x7ff70292e298+10616]
	BaseThreadInitThunk [0x0x7ffce2b07374+20]
	RtlUserThreadStart [0x0x7ffce445cc91+33]

2025-07-29 17:43:03,284 - ERROR - Detail scraping error for https://jobinja.ir/companies/matcha/jobs/t2i3/%D8%A7%D8%B3%D8%AA%D8%AE%D8%AF%D8%A7%D9%85-%DA%A9%D8%A7%D8%B1%D8%B4%D9%86%D8%A7%D8%B3-%D9%81%D8%B1%D9%88%D8%B4-%D8%AF%D9%88%D8%B1%DA%A9%D8%A7%D8%B1%DB%8C-%D8%AF%D8%B1-%D9%85%D8%A7%DA%86%D8%A7?_ref=16&_t=342e3232332e3130362e313531: Message: no such element: Unable to locate element: {"method":"css selector","selector":"h1.c-jobView__title"}
  (Session info: chrome=138.0.7204.169); For documentation on this error, please visit: https://www.selenium.dev/documentation/webdriver/troubleshooting/errors#nosuchelementexception
Stacktrace:
	GetHandleVerifier [0x0x7ff70293e935+77845]
	GetHandleVerifier [0x0x7ff70293e990+77936]
	(No symbol) [0x0x7ff7026f9cda]
	(No symbol) [0x0x7ff7027506aa]
	(No symbol) [0x0x7ff70275095c]
	(No symbol) [0x0x7ff7027a3d07]
	(No symbol) [0x0x7ff70277890f]
	(No symbol) [0x0x7ff7027a0b07]
	(No symbol) [0x0x7ff7027786a3]
	(No symbol) [0x0x7ff702741791]
	(No symbol) [0x0x7ff702742523]
	GetHandleVerifier [0x0x7ff702c1684d+3059501]
	GetHandleVerifier [0x0x7ff702c10c0d+3035885]
	GetHandleVerifier [0x0x7ff702c30400+3164896]
	GetHandleVerifier [0x0x7ff702958c3e+185118]
	GetHandleVerifier [0x0x7ff70296054f+216111]
	GetHandleVerifier [0x0x7ff7029472e4+113092]
	GetHandleVerifier [0x0x7ff702947499+113529]
	GetHandleVerifier [0x0x7ff70292e298+10616]
	BaseThreadInitThunk [0x0x7ffce2b07374+20]
	RtlUserThreadStart [0x0x7ffce445cc91+33]

2025-07-29 17:43:05,585 - ERROR - Detail scraping error for https://jobinja.ir/companies/itin-tarasheh-hoshmand/jobs/tqy6/%D8%A7%D8%B3%D8%AA%D8%AE%D8%AF%D8%A7%D9%85-%DA%A9%D8%A7%D8%B1%D8%B4%D9%86%D8%A7%D8%B3-%D9%81%D8%B1%D9%88%D8%B4-%D8%AE%D8%A7%D9%86%D9%85-%D8%AF%D8%B1-%D8%B4%D8%B1%DA%A9%D8%AA-%D8%A2%DB%8C%D8%AA%DB%8C%D9%86-%D8%AA%D8%B1%D8%A7%D8%B4%D9%87-%D9%87%D9%88%D8%B4%D9%85%D9%86%D8%AF?_ref=16&_t=342e3232332e3130362e313531: Message: no such element: Unable to locate element: {"method":"css selector","selector":"h1.c-jobView__title"}
  (Session info: chrome=138.0.7204.169); For documentation on this error, please visit: https://www.selenium.dev/documentation/webdriver/troubleshooting/errors#nosuchelementexception
Stacktrace:
	GetHandleVerifier [0x0x7ff70293e935+77845]
	GetHandleVerifier [0x0x7ff70293e990+77936]
	(No symbol) [0x0x7ff7026f9cda]
	(No symbol) [0x0x7ff7027506aa]
	(No symbol) [0x0x7ff70275095c]
	(No symbol) [0x0x7ff7027a3d07]
	(No symbol) [0x0x7ff70277890f]
	(No symbol) [0x0x7ff7027a0b07]
	(No symbol) [0x0x7ff7027786a3]
	(No symbol) [0x0x7ff702741791]
	(No symbol) [0x0x7ff702742523]
	GetHandleVerifier [0x0x7ff702c1684d+3059501]
	GetHandleVerifier [0x0x7ff702c10c0d+3035885]
	GetHandleVerifier [0x0x7ff702c30400+3164896]
	GetHandleVerifier [0x0x7ff702958c3e+185118]
	GetHandleVerifier [0x0x7ff70296054f+216111]
	GetHandleVerifier [0x0x7ff7029472e4+113092]
	GetHandleVerifier [0x0x7ff702947499+113529]
	GetHandleVerifier [0x0x7ff70292e298+10616]
	BaseThreadInitThunk [0x0x7ffce2b07374+20]
	RtlUserThreadStart [0x0x7ffce445cc91+33]

2025-07-29 17:43:07,924 - ERROR - Detail scraping error for https://jobinja.ir/companies/rasta-immigration-co/jobs/ADQn/%D8%A7%D8%B3%D8%AA%D8%AE%D8%AF%D8%A7%D9%85-%DA%A9%D8%A7%D8%B1%D8%B4%D9%86%D8%A7%D8%B3-%D8%A7%D8%B1%D8%B4%D8%AF-%D9%81%D8%B1%D9%88%D8%B4-%D9%85%D9%87%D8%A7%D8%AC%D8%B1%D8%AA%DB%8C-%D8%AF%D8%B1-%D9%85%D9%88%D8%B3%D8%B3%D9%87-%D9%85%D9%87%D8%A7%D8%AC%D8%B1%D8%AA%DB%8C-%D8%B1%D9%87%D9%86%D9%85%D8%A7-%D9%88%DB%8C%D8%B2%D8%A7?_ref=16&_t=342e3232332e3130362e313531: Message: no such element: Unable to locate element: {"method":"css selector","selector":"h1.c-jobView__title"}
  (Session info: chrome=138.0.7204.169); For documentation on this error, please visit: https://www.selenium.dev/documentation/webdriver/troubleshooting/errors#nosuchelementexception
Stacktrace:
	GetHandleVerifier [0x0x7ff70293e935+77845]
	GetHandleVerifier [0x0x7ff70293e990+77936]
	(No symbol) [0x0x7ff7026f9cda]
	(No symbol) [0x0x7ff7027506aa]
	(No symbol) [0x0x7ff70275095c]
	(No symbol) [0x0x7ff7027a3d07]
	(No symbol) [0x0x7ff70277890f]
	(No symbol) [0x0x7ff7027a0b07]
	(No symbol) [0x0x7ff7027786a3]
	(No symbol) [0x0x7ff702741791]
	(No symbol) [0x0x7ff702742523]
	GetHandleVerifier [0x0x7ff702c1684d+3059501]
	GetHandleVerifier [0x0x7ff702c10c0d+3035885]
	GetHandleVerifier [0x0x7ff702c30400+3164896]
	GetHandleVerifier [0x0x7ff702958c3e+185118]
	GetHandleVerifier [0x0x7ff70296054f+216111]
	GetHandleVerifier [0x0x7ff7029472e4+113092]
	GetHandleVerifier [0x0x7ff702947499+113529]
	GetHandleVerifier [0x0x7ff70292e298+10616]
	BaseThreadInitThunk [0x0x7ffce2b07374+20]
	RtlUserThreadStart [0x0x7ffce445cc91+33]

2025-07-29 17:43:10,401 - ERROR - Detail scraping error for https://jobinja.ir/companies/behtarino/jobs/tqtJ/%D8%A7%D8%B3%D8%AA%D8%AE%D8%AF%D8%A7%D9%85-%DA%A9%D8%A7%D8%B1%D8%B4%D9%86%D8%A7%D8%B3-%D9%81%D8%B1%D9%88%D8%B4-%D8%AA%D9%84%D9%81%D9%86%DB%8C-%D8%AF%D8%B1-%DA%AF%D8%B1%D9%88%D9%87-%D8%A7%DB%8C%D8%AF%D9%87-%DA%A9%D8%A7%D9%88%D8%A7%D9%86?_ref=16&_t=342e3232332e3130362e313531: Message: no such element: Unable to locate element: {"method":"css selector","selector":"h1.c-jobView__title"}
  (Session info: chrome=138.0.7204.169); For documentation on this error, please visit: https://www.selenium.dev/documentation/webdriver/troubleshooting/errors#nosuchelementexception
Stacktrace:
	GetHandleVerifier [0x0x7ff70293e935+77845]
	GetHandleVerifier [0x0x7ff70293e990+77936]
	(No symbol) [0x0x7ff7026f9cda]
	(No symbol) [0x0x7ff7027506aa]
	(No symbol) [0x0x7ff70275095c]
	(No symbol) [0x0x7ff7027a3d07]
	(No symbol) [0x0x7ff70277890f]
	(No symbol) [0x0x7ff7027a0b07]
	(No symbol) [0x0x7ff7027786a3]
	(No symbol) [0x0x7ff702741791]
	(No symbol) [0x0x7ff702742523]
	GetHandleVerifier [0x0x7ff702c1684d+3059501]
	GetHandleVerifier [0x0x7ff702c10c0d+3035885]
	GetHandleVerifier [0x0x7ff702c30400+3164896]
	GetHandleVerifier [0x0x7ff702958c3e+185118]
	GetHandleVerifier [0x0x7ff70296054f+216111]
	GetHandleVerifier [0x0x7ff7029472e4+113092]
	GetHandleVerifier [0x0x7ff702947499+113529]
	GetHandleVerifier [0x0x7ff70292e298+10616]
	BaseThreadInitThunk [0x0x7ffce2b07374+20]
	RtlUserThreadStart [0x0x7ffce445cc91+33]

2025-07-29 17:43:12,937 - ERROR - Detail scraping error for https://jobinja.ir/companies/worksite/jobs/tq7v/%D8%A7%D8%B3%D8%AA%D8%AE%D8%AF%D8%A7%D9%85-%DA%A9%D8%A7%D8%B1%D8%B4%D9%86%D8%A7%D8%B3-%D9%81%D8%B1%D9%88%D8%B4-%D8%AA%D9%84%D9%81%D9%86%DB%8C-%D8%AE%D8%A7%D9%86%D9%85-%D8%AF%D8%B1-%D8%A7%D8%A8%D8%B2%D8%A7%D8%B1%D8%A2%D9%84%D8%A7%D8%AA-%D9%81%DB%8C%D8%AF%D9%88%D8%B1%D8%A7?_ref=16&_t=342e3232332e3130362e313531: Message: no such element: Unable to locate element: {"method":"css selector","selector":"h1.c-jobView__title"}
  (Session info: chrome=138.0.7204.169); For documentation on this error, please visit: https://www.selenium.dev/documentation/webdriver/troubleshooting/errors#nosuchelementexception
Stacktrace:
	GetHandleVerifier [0x0x7ff70293e935+77845]
	GetHandleVerifier [0x0x7ff70293e990+77936]
	(No symbol) [0x0x7ff7026f9cda]
	(No symbol) [0x0x7ff7027506aa]
	(No symbol) [0x0x7ff70275095c]
	(No symbol) [0x0x7ff7027a3d07]
	(No symbol) [0x0x7ff70277890f]
	(No symbol) [0x0x7ff7027a0b07]
	(No symbol) [0x0x7ff7027786a3]
	(No symbol) [0x0x7ff702741791]
	(No symbol) [0x0x7ff702742523]
	GetHandleVerifier [0x0x7ff702c1684d+3059501]
	GetHandleVerifier [0x0x7ff702c10c0d+3035885]
	GetHandleVerifier [0x0x7ff702c30400+3164896]
	GetHandleVerifier [0x0x7ff702958c3e+185118]
	GetHandleVerifier [0x0x7ff70296054f+216111]
	GetHandleVerifier [0x0x7ff7029472e4+113092]
	GetHandleVerifier [0x0x7ff702947499+113529]
	GetHandleVerifier [0x0x7ff70292e298+10616]
	BaseThreadInitThunk [0x0x7ffce2b07374+20]
	RtlUserThreadStart [0x0x7ffce445cc91+33]

2025-07-29 17:43:15,197 - ERROR - Detail scraping error for https://jobinja.ir/companies/fnx-shipping/jobs/tqOZ/%D8%A7%D8%B3%D8%AA%D8%AE%D8%AF%D8%A7%D9%85-%D9%85%D8%AF%DB%8C%D8%B1-%D8%A8%D8%A7%D8%B2%D8%A7%D8%B1%DB%8C%D8%A7%D8%A8%DB%8C-%D9%88-%D9%81%D8%B1%D9%88%D8%B4-%D8%AF%D8%B1-%D9%82%D9%82%D9%86%D9%88%D8%B3-%D8%AA%D8%AC%D8%A7%D8%B1%D8%AA-%D8%AE%D8%A7%D9%88%D8%B1%D9%85%DB%8C%D8%A7%D9%86%D9%87?_ref=16&_t=342e3232332e3130362e313531: Message: no such element: Unable to locate element: {"method":"css selector","selector":"h1.c-jobView__title"}
  (Session info: chrome=138.0.7204.169); For documentation on this error, please visit: https://www.selenium.dev/documentation/webdriver/troubleshooting/errors#nosuchelementexception
Stacktrace:
	GetHandleVerifier [0x0x7ff70293e935+77845]
	GetHandleVerifier [0x0x7ff70293e990+77936]
	(No symbol) [0x0x7ff7026f9cda]
	(No symbol) [0x0x7ff7027506aa]
	(No symbol) [0x0x7ff70275095c]
	(No symbol) [0x0x7ff7027a3d07]
	(No symbol) [0x0x7ff70277890f]
	(No symbol) [0x0x7ff7027a0b07]
	(No symbol) [0x0x7ff7027786a3]
	(No symbol) [0x0x7ff702741791]
	(No symbol) [0x0x7ff702742523]
	GetHandleVerifier [0x0x7ff702c1684d+3059501]
	GetHandleVerifier [0x0x7ff702c10c0d+3035885]
	GetHandleVerifier [0x0x7ff702c30400+3164896]
	GetHandleVerifier [0x0x7ff702958c3e+185118]
	GetHandleVerifier [0x0x7ff70296054f+216111]
	GetHandleVerifier [0x0x7ff7029472e4+113092]
	GetHandleVerifier [0x0x7ff702947499+113529]
	GetHandleVerifier [0x0x7ff70292e298+10616]
	BaseThreadInitThunk [0x0x7ffce2b07374+20]
	RtlUserThreadStart [0x0x7ffce445cc91+33]

2025-07-29 17:43:17,593 - ERROR - Detail scraping error for https://jobinja.ir/companies/ican/jobs/tccg/%D8%A7%D8%B3%D8%AA%D8%AE%D8%AF%D8%A7%D9%85-%D9%85%D8%AF%DB%8C%D8%B1-%D9%81%D8%B1%D9%88%D8%B4-%D8%AA%D8%A8%D8%B1%DB%8C%D8%B2-%D8%AF%D8%B1-%DA%AF%D8%B1%D9%88%D9%87-%D9%85%D9%87%D9%86%D8%AF%D8%B3%DB%8C-%D8%A2%DB%8C-%DA%A9%D9%86?_ref=16&_t=342e3232332e3130362e313531: Message: no such element: Unable to locate element: {"method":"css selector","selector":"h1.c-jobView__title"}
  (Session info: chrome=138.0.7204.169); For documentation on this error, please visit: https://www.selenium.dev/documentation/webdriver/troubleshooting/errors#nosuchelementexception
Stacktrace:
	GetHandleVerifier [0x0x7ff70293e935+77845]
	GetHandleVerifier [0x0x7ff70293e990+77936]
	(No symbol) [0x0x7ff7026f9cda]
	(No symbol) [0x0x7ff7027506aa]
	(No symbol) [0x0x7ff70275095c]
	(No symbol) [0x0x7ff7027a3d07]
	(No symbol) [0x0x7ff70277890f]
	(No symbol) [0x0x7ff7027a0b07]
	(No symbol) [0x0x7ff7027786a3]
	(No symbol) [0x0x7ff702741791]
	(No symbol) [0x0x7ff702742523]
	GetHandleVerifier [0x0x7ff702c1684d+3059501]
	GetHandleVerifier [0x0x7ff702c10c0d+3035885]
	GetHandleVerifier [0x0x7ff702c30400+3164896]
	GetHandleVerifier [0x0x7ff702958c3e+185118]
	GetHandleVerifier [0x0x7ff70296054f+216111]
	GetHandleVerifier [0x0x7ff7029472e4+113092]
	GetHandleVerifier [0x0x7ff702947499+113529]
	GetHandleVerifier [0x0x7ff70292e298+10616]
	BaseThreadInitThunk [0x0x7ffce2b07374+20]
	RtlUserThreadStart [0x0x7ffce445cc91+33]

2025-07-29 17:53:23,320 - INFO - Login successful.
2025-07-29 18:00:10,161 - INFO - Login successful.
2025-07-29 18:03:37,271 - INFO - Login successful.
2025-07-30 17:09:19,531 - INFO - Login successful.
2025-07-30 17:15:38,748 - INFO - Login successful.
2025-07-30 17:26:41,266 - INFO - Login successful.
2025-07-30 17:27:57,133 - INFO - Login successful.
2025-07-30 17:29:02,562 - INFO - Login successful.
